<?xml version="1.0" encoding="UTF-8"?>
<!-- Generated by org.testng.reporters.JUnitReportReporter -->
<testsuite hostname="DESKTOP-C236EPA" failures="0" tests="4" name="PracticRandom.Methods2" time="0.024" errors="0" timestamp="2021-06-19T15:49:03 IST" skipped="0">
  <testcase classname="PracticRandom.Methods2" name="third" time="0.013"/>
  <system-out/>
  <testcase classname="PracticRandom.Methods2" name="first" time="0.004"/>
  <system-out/>
  <testcase classname="PracticRandom.Methods2" name="second" time="0.003"/>
  <system-out/>
  <testcase classname="PracticRandom.Methods2" name="fourth" time="0.004"/>
  <system-out/>
</testsuite> <!-- PracticRandom.Methods2 -->
