<?xml version="1.0" encoding="UTF-8"?>
<!-- Generated by org.testng.reporters.JUnitReportReporter -->
<testsuite hostname="DESKTOP-C236EPA" failures="0" tests="1" name="DropDownBasics" time="69.119" errors="0" timestamp="2021-06-06T00:25:23 IST" skipped="0">
  <testcase classname="DropDownBasics" name="ButtonClickCrtAcc" time="69.119"/>
  <system-out/>
</testsuite> <!-- DropDownBasics -->
