<?xml version="1.0" encoding="UTF-8"?>
<!-- Generated by org.testng.reporters.JUnitReportReporter -->
<testsuite hostname="DESKTOP-C236EPA" failures="0" tests="1" name="TestCases.LoginRediff" time="107.442" errors="0" timestamp="2021-05-30T21:37:48 IST" skipped="0">
  <testcase classname="TestCases.LoginRediff" name="Login" time="107.442"/>
  <system-out/>
</testsuite> <!-- TestCases.LoginRediff -->
